<?xml version="1.0" encoding="UTF-8"?>
<!-- Generated by org.testng.reporters.JUnitXMLReporter -->
<testsuite ignored="0" hostname="muthuvijay" failures="1" tests="1" name="smoketest1" time="8.594" errors="0" timestamp="2023-11-23T18:18:52 IST">
  <testcase classname="io.cucumber.testng.AbstractTestNGCucumberTests" name="runScenario" time="2.261">
    <failure type="java.lang.NullPointerException" message="Cannot invoke &amp;quot;org.openqa.selenium.WebDriver.get(String)&amp;quot; because &amp;quot;this.driver&amp;quot; is null">
      <![CDATA[java.lang.NullPointerException: Cannot invoke "org.openqa.selenium.WebDriver.get(String)" because "this.driver" is null
at com.instalanes.stepdefinitions.SignupPageSteps.user_enters_firstname_as(SignupPageSteps.java:16)
at ✽.user enters Firstname as "Muthu"(file:///C:/Users/HP/instalanes-automation/instalanes-test-automation/src/test/resources/features/SignupPage.feature:5)
]]>
    </failure>
  </testcase> <!-- runScenario -->
</testsuite> <!-- smoketest1 -->
